\BOOKMARK [0][-]{chapter*.2}{\376\377\000L\000i\000s\000t\000\040\000o\000f\000\040\000F\000i\000g\000u\000r\000e\000s}{}% 1
\BOOKMARK [0][-]{chapter*.3}{\376\377\000L\000i\000s\000t\000\040\000o\000f\000\040\000T\000a\000b\000l\000e\000s}{}% 2
\BOOKMARK [0][-]{chapter*.3}{\376\377\000A\000b\000b\000r\000e\000v\000i\000a\000t\000i\000o\000n\000s\000\040\000a\000n\000d\000\040\000A\000c\000r\000o\000n\000y\000m\000s}{}% 3
\BOOKMARK [0][-]{chapter.1}{\376\377\000I\000n\000t\000r\000o\000d\000u\000c\000t\000i\000o\000n}{}% 4
\BOOKMARK [1][-]{section.1.1}{\376\377\000M\000o\000t\000i\000v\000a\000t\000i\000o\000n}{chapter.1}% 5
\BOOKMARK [0][-]{chapter.2}{\376\377\000B\000a\000c\000k\000g\000r\000o\000u\000n\000d}{}% 6
\BOOKMARK [1][-]{section.2.1}{\376\377\000O\000v\000e\000r\000v\000i\000e\000w\000\040\000o\000f\000\040\000t\000h\000e\000\040\000I\000S\000I\000S\000\040\000R\000e\000s\000e\000a\000r\000c\000h\000\040\000F\000a\000c\000i\000l\000i\000t\000y}{chapter.2}% 7
\BOOKMARK [1][-]{section.2.2}{\376\377\000M\000a\000i\000n\000t\000e\000n\000a\000n\000c\000e\000\040\000T\000e\000c\000h\000n\000i\000q\000u\000e\000s}{chapter.2}% 8
\BOOKMARK [1][-]{section.2.3}{\376\377\000S\000e\000n\000t\000e\000n\000c\000e\000\040\000S\000i\000m\000i\000l\000a\000r\000i\000t\000y}{chapter.2}% 9
\BOOKMARK [1][-]{section.2.4}{\376\377\000\050\000m\000a\000y\000b\000e\000\051\000\040\000C\000l\000u\000s\000t\000e\000r\000i\000n\000g}{chapter.2}% 10
\BOOKMARK [0][-]{chapter.3}{\376\377\000N\000a\000t\000u\000r\000a\000l\000\040\000L\000a\000n\000g\000u\000a\000g\000e\000\040\000P\000r\000o\000c\000e\000s\000s\000i\000n\000g\000\040\000B\000a\000c\000k\000g\000r\000o\000u\000n\000d}{}% 11
\BOOKMARK [1][-]{section.3.1}{\376\377\000S\000e\000n\000t\000e\000n\000c\000e\000\040\000E\000m\000b\000e\000d\000d\000i\000n\000g}{chapter.3}% 12
\BOOKMARK [2][-]{subsection.3.1.1}{\376\377\000B\000E\000R\000T\000-\000f\000a\000m\000i\000l\000y\000\040\000T\000r\000a\000n\000s\000f\000o\000r\000m\000e\000r\000s}{section.3.1}% 13
\BOOKMARK [1][-]{section.3.2}{\376\377\000D\000i\000m\000e\000n\000s\000i\000o\000n\000a\000l\000i\000t\000y\000\040\000R\000e\000d\000u\000c\000t\000i\000o\000n}{chapter.3}% 14
\BOOKMARK [2][-]{subsection.3.2.1}{\376\377\000P\000C\000A}{section.3.2}% 15
\BOOKMARK [2][-]{subsection.3.2.2}{\376\377\000U\000M\000A\000P}{section.3.2}% 16
\BOOKMARK [1][-]{section.3.3}{\376\377\000C\000l\000u\000s\000t\000e\000r\000i\000n\000g}{chapter.3}% 17
\BOOKMARK [2][-]{subsection.3.3.1}{\376\377\000k\000-\000M\000e\000d\000o\000i\000d\000s}{section.3.3}% 18
\BOOKMARK [2][-]{subsection.3.3.2}{\376\377\000D\000B\000S\000C\000A\000N}{section.3.3}% 19
\BOOKMARK [2][-]{subsection.3.3.3}{\376\377\000H\000D\000B\000S\000C\000A\000N}{section.3.3}% 20
\BOOKMARK [1][-]{section.3.4}{\376\377\000C\000l\000u\000s\000t\000e\000r\000i\000n\000g\000\040\000E\000v\000a\000l\000u\000a\000t\000i\000o\000n}{chapter.3}% 21
\BOOKMARK [2][-]{subsection.3.4.1}{\376\377\000I\000n\000e\000r\000t\000i\000a}{section.3.4}% 22
\BOOKMARK [2][-]{subsection.3.4.2}{\376\377\000S\000i\000l\000h\000o\000u\000e\000t\000t\000e}{section.3.4}% 23
\BOOKMARK [2][-]{subsection.3.4.3}{\376\377\000D\000a\000v\000i\000e\000s\000-\000B\000o\000u\000l\000d\000i\000n\000\040\000I\000n\000d\000e\000x}{section.3.4}% 24
\BOOKMARK [2][-]{subsection.3.4.4}{\376\377\000C\000a\000l\000i\000n\000s\000k\000i\000-\000H\000a\000r\000a\000b\000a\000s\000z\000\040\000I\000n\000d\000e\000x}{section.3.4}% 25
\BOOKMARK [1][-]{section.3.5}{\376\377\000M\000a\000y\000b\000e\000\040\000O\000p\000t\000u\000n\000a}{chapter.3}% 26
\BOOKMARK [0][-]{chapter.4}{\376\377\000A\000u\000t\000o\000m\000a\000t\000i\000c\000\040\000L\000a\000b\000e\000l\000\040\000G\000e\000n\000e\000r\000a\000t\000i\000o\000n}{}% 27
\BOOKMARK [0][-]{chapter.5}{\376\377\000R\000e\000s\000u\000l\000t\000s\000\040\000a\000n\000d\000\040\000D\000i\000s\000c\000u\000s\000s\000i\000o\000n}{}% 28
\BOOKMARK [0][-]{chapter.6}{\376\377\000C\000o\000n\000c\000l\000u\000s\000i\000o\000n}{}% 29
\BOOKMARK [0][-]{chapter*.31}{\376\377\000B\000i\000b\000l\000i\000o\000g\000r\000a\000p\000h\000y}{}% 30
